[1.610s] Invoking command in '/home/ws/src/pallet_detection': PYTHONPATH=/home/ws/build/pallet_detection/prefix_override:/usr/lib/python3/dist-packages/colcon_core/task/python/colcon_distutils_commands:/home/ws/install/pallet_detection/lib/python3.10/site-packages:${PYTHONPATH} /usr/bin/python3 -W ignore:setup.py install is deprecated -W ignore:easy_install command is deprecated setup.py egg_info --egg-base ../../build/pallet_detection build --build-base /home/ws/build/pallet_detection/build install --record /home/ws/build/pallet_detection/install.log --single-version-externally-managed install_data
[2.107s] running egg_info
[2.138s] writing ../../build/pallet_detection/pallet_detection.egg-info/PKG-INFO
[2.139s] writing dependency_links to ../../build/pallet_detection/pallet_detection.egg-info/dependency_links.txt
[2.145s] writing entry points to ../../build/pallet_detection/pallet_detection.egg-info/entry_points.txt
[2.146s] writing requirements to ../../build/pallet_detection/pallet_detection.egg-info/requires.txt
[2.146s] writing top-level names to ../../build/pallet_detection/pallet_detection.egg-info/top_level.txt
[2.210s] reading manifest file '../../build/pallet_detection/pallet_detection.egg-info/SOURCES.txt'
[2.212s] writing manifest file '../../build/pallet_detection/pallet_detection.egg-info/SOURCES.txt'
[2.213s] running build
[2.213s] running build_py
[2.213s] copying pallet_detection/image_rectifier.py -> /home/ws/build/pallet_detection/build/lib/pallet_detection
[2.215s] copying pallet_detection/process_camera_feed.py -> /home/ws/build/pallet_detection/build/lib/pallet_detection
[2.215s] copying pallet_detection/__init__.py -> /home/ws/build/pallet_detection/build/lib/pallet_detection
[2.215s] copying pallet_detection/wait_for_model.py -> /home/ws/build/pallet_detection/build/lib/pallet_detection
[2.216s] copying pallet_detection/publish_camera_feed.py -> /home/ws/build/pallet_detection/build/lib/pallet_detection
[2.216s] running install
[2.216s] warning: build_py: byte-compiling is disabled, skipping.
[2.217s] 
[2.225s] running install_lib
[2.258s] warning: install_lib: byte-compiling is disabled, skipping.
[2.259s] 
[2.259s] running install_data
[2.259s] copying resource/pallet_detection -> /home/ws/install/pallet_detection/share/ament_index/resource_index/packages
[2.260s] copying package.xml -> /home/ws/install/pallet_detection/share/pallet_detection
[2.260s] running install_egg_info
[2.296s] removing '/home/ws/install/pallet_detection/lib/python3.10/site-packages/pallet_detection-0.0.0-py3.10.egg-info' (and everything under it)
[2.296s] Copying ../../build/pallet_detection/pallet_detection.egg-info to /home/ws/install/pallet_detection/lib/python3.10/site-packages/pallet_detection-0.0.0-py3.10.egg-info
[2.304s] running install_scripts
[2.571s] Installing image_publisher script to /home/ws/install/pallet_detection/lib/pallet_detection
[2.572s] Installing image_subscriber script to /home/ws/install/pallet_detection/lib/pallet_detection
[2.572s] Installing model_ready_waiter script to /home/ws/install/pallet_detection/lib/pallet_detection
[2.573s] writing list of installed files to '/home/ws/build/pallet_detection/install.log'
[2.647s] Invoked command in '/home/ws/src/pallet_detection' returned '0': PYTHONPATH=/home/ws/build/pallet_detection/prefix_override:/usr/lib/python3/dist-packages/colcon_core/task/python/colcon_distutils_commands:/home/ws/install/pallet_detection/lib/python3.10/site-packages:${PYTHONPATH} /usr/bin/python3 -W ignore:setup.py install is deprecated -W ignore:easy_install command is deprecated setup.py egg_info --egg-base ../../build/pallet_detection build --build-base /home/ws/build/pallet_detection/build install --record /home/ws/build/pallet_detection/install.log --single-version-externally-managed install_data
