[1.637s] Invoking command in '/home/ws/src/pallet_detection': PYTHONPATH=/home/ws/build/pallet_detection/prefix_override:/usr/lib/python3/dist-packages/colcon_core/task/python/colcon_distutils_commands:/home/ws/install/pallet_detection/lib/python3.10/site-packages:${PYTHONPATH} /usr/bin/python3 -W ignore:setup.py install is deprecated -W ignore:easy_install command is deprecated setup.py egg_info --egg-base ../../build/pallet_detection build --build-base /home/ws/build/pallet_detection/build install --record /home/ws/build/pallet_detection/install.log --single-version-externally-managed install_data
[2.127s] running egg_info
[2.157s] writing ../../build/pallet_detection/pallet_detection.egg-info/PKG-INFO
[2.157s] writing dependency_links to ../../build/pallet_detection/pallet_detection.egg-info/dependency_links.txt
[2.158s] writing entry points to ../../build/pallet_detection/pallet_detection.egg-info/entry_points.txt
[2.158s] writing requirements to ../../build/pallet_detection/pallet_detection.egg-info/requires.txt
[2.159s] writing top-level names to ../../build/pallet_detection/pallet_detection.egg-info/top_level.txt
[2.220s] reading manifest file '../../build/pallet_detection/pallet_detection.egg-info/SOURCES.txt'
[2.222s] writing manifest file '../../build/pallet_detection/pallet_detection.egg-info/SOURCES.txt'
[2.222s] running build
[2.223s] running build_py
[2.223s] copying pallet_detection/process_camera_feed.py -> /home/ws/build/pallet_detection/build/lib/pallet_detection
[2.223s] copying pallet_detection/__init__.py -> /home/ws/build/pallet_detection/build/lib/pallet_detection
[2.223s] copying pallet_detection/wait_for_model.py -> /home/ws/build/pallet_detection/build/lib/pallet_detection
[2.224s] copying pallet_detection/publish_camera_feed.py -> /home/ws/build/pallet_detection/build/lib/pallet_detection
[2.224s] warning: build_py: byte-compiling is disabled, skipping.
[2.225s] 
[2.225s] running install
[2.234s] running install_lib
[2.266s] copying /home/ws/build/pallet_detection/build/lib/pallet_detection/publish_camera_feed.py -> /home/ws/install/pallet_detection/lib/python3.10/site-packages/pallet_detection
[2.266s] warning: install_lib: byte-compiling is disabled, skipping.
[2.266s] 
[2.266s] running install_data
[2.266s] copying resource/pallet_detection -> /home/ws/install/pallet_detection/share/ament_index/resource_index/packages
[2.267s] copying package.xml -> /home/ws/install/pallet_detection/share/pallet_detection
[2.267s] running install_egg_info
[2.301s] removing '/home/ws/install/pallet_detection/lib/python3.10/site-packages/pallet_detection-0.0.0-py3.10.egg-info' (and everything under it)
[2.302s] Copying ../../build/pallet_detection/pallet_detection.egg-info to /home/ws/install/pallet_detection/lib/python3.10/site-packages/pallet_detection-0.0.0-py3.10.egg-info
[2.306s] running install_scripts
[2.572s] Installing image_publisher script to /home/ws/install/pallet_detection/lib/pallet_detection
[2.572s] Installing image_subscriber script to /home/ws/install/pallet_detection/lib/pallet_detection
[2.573s] Installing model_ready_waiter script to /home/ws/install/pallet_detection/lib/pallet_detection
[2.574s] writing list of installed files to '/home/ws/build/pallet_detection/install.log'
[2.649s] Invoked command in '/home/ws/src/pallet_detection' returned '0': PYTHONPATH=/home/ws/build/pallet_detection/prefix_override:/usr/lib/python3/dist-packages/colcon_core/task/python/colcon_distutils_commands:/home/ws/install/pallet_detection/lib/python3.10/site-packages:${PYTHONPATH} /usr/bin/python3 -W ignore:setup.py install is deprecated -W ignore:easy_install command is deprecated setup.py egg_info --egg-base ../../build/pallet_detection build --build-base /home/ws/build/pallet_detection/build install --record /home/ws/build/pallet_detection/install.log --single-version-externally-managed install_data
