/home/ws/install/pallet_detection/lib/python3.10/site-packages/pallet_detection/image_rectifier.py
/home/ws/install/pallet_detection/lib/python3.10/site-packages/pallet_detection/process_camera_feed.py
/home/ws/install/pallet_detection/lib/python3.10/site-packages/pallet_detection/__init__.py
/home/ws/install/pallet_detection/lib/python3.10/site-packages/pallet_detection/wait_for_model.py
/home/ws/install/pallet_detection/lib/python3.10/site-packages/pallet_detection/publish_camera_feed.py
/home/ws/install/pallet_detection/lib/python3.10/site-packages/pallet_detection/__pycache__/image_rectifier.cpython-310.pyc
/home/ws/install/pallet_detection/lib/python3.10/site-packages/pallet_detection/__pycache__/process_camera_feed.cpython-310.pyc
/home/ws/install/pallet_detection/lib/python3.10/site-packages/pallet_detection/__pycache__/__init__.cpython-310.pyc
/home/ws/install/pallet_detection/lib/python3.10/site-packages/pallet_detection/__pycache__/wait_for_model.cpython-310.pyc
/home/ws/install/pallet_detection/lib/python3.10/site-packages/pallet_detection/__pycache__/publish_camera_feed.cpython-310.pyc
/home/ws/install/pallet_detection/share/ament_index/resource_index/packages/pallet_detection
/home/ws/install/pallet_detection/share/pallet_detection/package.xml
/home/ws/install/pallet_detection/share/pallet_detection/launch
/home/ws/install/pallet_detection/lib/python3.10/site-packages/pallet_detection-0.0.0-py3.10.egg-info/SOURCES.txt
/home/ws/install/pallet_detection/lib/python3.10/site-packages/pallet_detection-0.0.0-py3.10.egg-info/entry_points.txt
/home/ws/install/pallet_detection/lib/python3.10/site-packages/pallet_detection-0.0.0-py3.10.egg-info/requires.txt
/home/ws/install/pallet_detection/lib/python3.10/site-packages/pallet_detection-0.0.0-py3.10.egg-info/dependency_links.txt
/home/ws/install/pallet_detection/lib/python3.10/site-packages/pallet_detection-0.0.0-py3.10.egg-info/zip-safe
/home/ws/install/pallet_detection/lib/python3.10/site-packages/pallet_detection-0.0.0-py3.10.egg-info/PKG-INFO
/home/ws/install/pallet_detection/lib/python3.10/site-packages/pallet_detection-0.0.0-py3.10.egg-info/top_level.txt
/home/ws/install/pallet_detection/lib/pallet_detection/image_publisher
/home/ws/install/pallet_detection/lib/pallet_detection/image_subscriber
/home/ws/install/pallet_detection/lib/pallet_detection/model_ready_waiter
