[1.643s] Invoking command in '/home/ws/src/pallet_detection': PYTHONPATH=/home/ws/build/pallet_detection/prefix_override:/usr/lib/python3/dist-packages/colcon_core/task/python/colcon_distutils_commands:/home/ws/install/pallet_detection/lib/python3.10/site-packages:${PYTHONPATH} /usr/bin/python3 -W ignore:setup.py install is deprecated -W ignore:easy_install command is deprecated setup.py egg_info --egg-base ../../build/pallet_detection build --build-base /home/ws/build/pallet_detection/build install --record /home/ws/build/pallet_detection/install.log --single-version-externally-managed install_data
[2.129s] running egg_info
[2.159s] writing ../../build/pallet_detection/pallet_detection.egg-info/PKG-INFO
[2.160s] writing dependency_links to ../../build/pallet_detection/pallet_detection.egg-info/dependency_links.txt
[2.160s] writing entry points to ../../build/pallet_detection/pallet_detection.egg-info/entry_points.txt
[2.161s] writing requirements to ../../build/pallet_detection/pallet_detection.egg-info/requires.txt
[2.161s] writing top-level names to ../../build/pallet_detection/pallet_detection.egg-info/top_level.txt
[2.223s] reading manifest file '../../build/pallet_detection/pallet_detection.egg-info/SOURCES.txt'
[2.225s] writing manifest file '../../build/pallet_detection/pallet_detection.egg-info/SOURCES.txt'
[2.226s] running build
[2.226s] running build_py
[2.226s] copying pallet_detection/image_rectifier.py -> /home/ws/build/pallet_detection/build/lib/pallet_detection
[2.227s] copying pallet_detection/process_camera_feed.py -> /home/ws/build/pallet_detection/build/lib/pallet_detection
[2.227s] copying pallet_detection/__init__.py -> /home/ws/build/pallet_detection/build/lib/pallet_detection
[2.228s] copying pallet_detection/wait_for_model.py -> /home/ws/build/pallet_detection/build/lib/pallet_detection
[2.228s] copying pallet_detection/publish_camera_feed.py -> /home/ws/build/pallet_detection/build/lib/pallet_detection
[2.229s] warning: build_py: byte-compiling is disabled, skipping.
[2.229s] 
[2.229s] running install
[2.238s] running install_lib
[2.271s] copying /home/ws/build/pallet_detection/build/lib/pallet_detection/process_camera_feed.py -> /home/ws/install/pallet_detection/lib/python3.10/site-packages/pallet_detection
[2.271s] warning: install_lib: byte-compiling is disabled, skipping.
[2.272s] 
[2.272s] running install_data
[2.272s] copying resource/pallet_detection -> /home/ws/install/pallet_detection/share/ament_index/resource_index/packages
[2.272s] copying package.xml -> /home/ws/install/pallet_detection/share/pallet_detection
[2.272s] running install_egg_info
[2.306s] removing '/home/ws/install/pallet_detection/lib/python3.10/site-packages/pallet_detection-0.0.0-py3.10.egg-info' (and everything under it)
[2.307s] Copying ../../build/pallet_detection/pallet_detection.egg-info to /home/ws/install/pallet_detection/lib/python3.10/site-packages/pallet_detection-0.0.0-py3.10.egg-info
[2.311s] running install_scripts
[2.580s] Installing image_publisher script to /home/ws/install/pallet_detection/lib/pallet_detection
[2.581s] Installing image_subscriber script to /home/ws/install/pallet_detection/lib/pallet_detection
[2.581s] Installing model_ready_waiter script to /home/ws/install/pallet_detection/lib/pallet_detection
[2.582s] writing list of installed files to '/home/ws/build/pallet_detection/install.log'
[2.661s] Invoked command in '/home/ws/src/pallet_detection' returned '0': PYTHONPATH=/home/ws/build/pallet_detection/prefix_override:/usr/lib/python3/dist-packages/colcon_core/task/python/colcon_distutils_commands:/home/ws/install/pallet_detection/lib/python3.10/site-packages:${PYTHONPATH} /usr/bin/python3 -W ignore:setup.py install is deprecated -W ignore:easy_install command is deprecated setup.py egg_info --egg-base ../../build/pallet_detection build --build-base /home/ws/build/pallet_detection/build install --record /home/ws/build/pallet_detection/install.log --single-version-externally-managed install_data
