[1.652s] Invoking command in '/home/ws/src/pallet_detection': PYTHONPATH=/home/ws/build/pallet_detection/prefix_override:/usr/lib/python3/dist-packages/colcon_core/task/python/colcon_distutils_commands:/home/ws/install/pallet_detection/lib/python3.10/site-packages:${PYTHONPATH} /usr/bin/python3 -W ignore:setup.py install is deprecated -W ignore:easy_install command is deprecated setup.py egg_info --egg-base ../../build/pallet_detection build --build-base /home/ws/build/pallet_detection/build install --record /home/ws/build/pallet_detection/install.log --single-version-externally-managed install_data
[2.146s] running egg_info
[2.175s] writing ../../build/pallet_detection/pallet_detection.egg-info/PKG-INFO
[2.176s] writing dependency_links to ../../build/pallet_detection/pallet_detection.egg-info/dependency_links.txt
[2.177s] writing entry points to ../../build/pallet_detection/pallet_detection.egg-info/entry_points.txt
[2.177s] writing requirements to ../../build/pallet_detection/pallet_detection.egg-info/requires.txt
[2.178s] writing top-level names to ../../build/pallet_detection/pallet_detection.egg-info/top_level.txt
[2.240s] reading manifest file '../../build/pallet_detection/pallet_detection.egg-info/SOURCES.txt'
[2.244s] writing manifest file '../../build/pallet_detection/pallet_detection.egg-info/SOURCES.txt'
[2.244s] running build
[2.245s] running build_py
[2.245s] copying pallet_detection/image_rectifier.py -> /home/ws/build/pallet_detection/build/lib/pallet_detection
[2.245s] copying pallet_detection/process_camera_feed.py -> /home/ws/build/pallet_detection/build/lib/pallet_detection
[2.246s] copying pallet_detection/__init__.py -> /home/ws/build/pallet_detection/build/lib/pallet_detection
[2.246s] copying pallet_detection/wait_for_model.py -> /home/ws/build/pallet_detection/build/lib/pallet_detection
[2.247s] copying pallet_detection/publish_camera_feed.py -> /home/ws/build/pallet_detection/build/lib/pallet_detection
[2.251s] warning: build_py: byte-compiling is disabled, skipping.
[2.251s] 
[2.252s] running install
[2.257s] running install_lib
[2.289s] copying /home/ws/build/pallet_detection/build/lib/pallet_detection/process_camera_feed.py -> /home/ws/install/pallet_detection/lib/python3.10/site-packages/pallet_detection
[2.290s] running install_data
[2.290s] warning: install_lib: byte-compiling is disabled, skipping.
[2.291s] 
[2.291s] copying resource/pallet_detection -> /home/ws/install/pallet_detection/share/ament_index/resource_index/packages
[2.291s] copying package.xml -> /home/ws/install/pallet_detection/share/pallet_detection
[2.291s] running install_egg_info
[2.324s] removing '/home/ws/install/pallet_detection/lib/python3.10/site-packages/pallet_detection-0.0.0-py3.10.egg-info' (and everything under it)
[2.325s] Copying ../../build/pallet_detection/pallet_detection.egg-info to /home/ws/install/pallet_detection/lib/python3.10/site-packages/pallet_detection-0.0.0-py3.10.egg-info
[2.329s] running install_scripts
[2.594s] Installing image_publisher script to /home/ws/install/pallet_detection/lib/pallet_detection
[2.594s] Installing image_subscriber script to /home/ws/install/pallet_detection/lib/pallet_detection
[2.595s] Installing model_ready_waiter script to /home/ws/install/pallet_detection/lib/pallet_detection
[2.595s] writing list of installed files to '/home/ws/build/pallet_detection/install.log'
[2.672s] Invoked command in '/home/ws/src/pallet_detection' returned '0': PYTHONPATH=/home/ws/build/pallet_detection/prefix_override:/usr/lib/python3/dist-packages/colcon_core/task/python/colcon_distutils_commands:/home/ws/install/pallet_detection/lib/python3.10/site-packages:${PYTHONPATH} /usr/bin/python3 -W ignore:setup.py install is deprecated -W ignore:easy_install command is deprecated setup.py egg_info --egg-base ../../build/pallet_detection build --build-base /home/ws/build/pallet_detection/build install --record /home/ws/build/pallet_detection/install.log --single-version-externally-managed install_data
