running egg_info
creating ../../build/pallet_detection/pallet_detection.egg-info
writing ../../build/pallet_detection/pallet_detection.egg-info/PKG-INFO
writing dependency_links to ../../build/pallet_detection/pallet_detection.egg-info/dependency_links.txt
writing entry points to ../../build/pallet_detection/pallet_detection.egg-info/entry_points.txt
writing requirements to ../../build/pallet_detection/pallet_detection.egg-info/requires.txt
writing top-level names to ../../build/pallet_detection/pallet_detection.egg-info/top_level.txt
writing manifest file '../../build/pallet_detection/pallet_detection.egg-info/SOURCES.txt'
reading manifest file '../../build/pallet_detection/pallet_detection.egg-info/SOURCES.txt'
writing manifest file '../../build/pallet_detection/pallet_detection.egg-info/SOURCES.txt'
running build
running build_py
creating /home/ws/build/pallet_detection/build
creating /home/ws/build/pallet_detection/build/lib
creating /home/ws/build/pallet_detection/build/lib/pallet_detection
copying pallet_detection/process_camera_feed.py -> /home/ws/build/pallet_detection/build/lib/pallet_detection
copying pallet_detection/__init__.py -> /home/ws/build/pallet_detection/build/lib/pallet_detection
copying pallet_detection/publish_camera_feed.py -> /home/ws/build/pallet_detection/build/lib/pallet_detection
running install
running install_lib
creating /home/ws/install/pallet_detection/lib/python3.10/site-packages/pallet_detection
copying /home/ws/build/pallet_detection/build/lib/pallet_detection/process_camera_feed.py -> /home/ws/install/pallet_detection/lib/python3.10/site-packages/pallet_detection
copying /home/ws/build/pallet_detection/build/lib/pallet_detection/__init__.py -> /home/ws/install/pallet_detection/lib/python3.10/site-packages/pallet_detection
copying /home/ws/build/pallet_detection/build/lib/pallet_detection/publish_camera_feed.py -> /home/ws/install/pallet_detection/lib/python3.10/site-packages/pallet_detection
running install_data
creating /home/ws/install/pallet_detection/share/ament_index
creating /home/ws/install/pallet_detection/share/ament_index/resource_index
creating /home/ws/install/pallet_detection/share/ament_index/resource_index/packages
copying resource/pallet_detection -> /home/ws/install/pallet_detection/share/ament_index/resource_index/packages
copying package.xml -> /home/ws/install/pallet_detection/share/pallet_detection
creating /home/ws/install/pallet_detection/share/pallet_detection/launch
running install_egg_info
Copying ../../build/pallet_detection/pallet_detection.egg-info to /home/ws/install/pallet_detection/lib/python3.10/site-packages/pallet_detection-0.0.0-py3.10.egg-info
running install_scripts
Installing image_publisher script to /home/ws/install/pallet_detection/lib/pallet_detection
Installing image_subscriber script to /home/ws/install/pallet_detection/lib/pallet_detection
writing list of installed files to '/home/ws/build/pallet_detection/install.log'
