[1.611s] Invoking command in '/home/ws/src/pallet_detection': PYTHONPATH=/home/ws/build/pallet_detection/prefix_override:/usr/lib/python3/dist-packages/colcon_core/task/python/colcon_distutils_commands:/home/ws/install/pallet_detection/lib/python3.10/site-packages:${PYTHONPATH} /usr/bin/python3 -W ignore:setup.py install is deprecated -W ignore:easy_install command is deprecated setup.py egg_info --egg-base ../../build/pallet_detection build --build-base /home/ws/build/pallet_detection/build install --record /home/ws/build/pallet_detection/install.log --single-version-externally-managed install_data
[2.097s] running egg_info
[2.097s] creating ../../build/pallet_detection/pallet_detection.egg-info
[2.127s] writing ../../build/pallet_detection/pallet_detection.egg-info/PKG-INFO
[2.128s] writing dependency_links to ../../build/pallet_detection/pallet_detection.egg-info/dependency_links.txt
[2.128s] writing entry points to ../../build/pallet_detection/pallet_detection.egg-info/entry_points.txt
[2.129s] writing requirements to ../../build/pallet_detection/pallet_detection.egg-info/requires.txt
[2.133s] writing top-level names to ../../build/pallet_detection/pallet_detection.egg-info/top_level.txt
[2.133s] writing manifest file '../../build/pallet_detection/pallet_detection.egg-info/SOURCES.txt'
[2.193s] reading manifest file '../../build/pallet_detection/pallet_detection.egg-info/SOURCES.txt'
[2.194s] writing manifest file '../../build/pallet_detection/pallet_detection.egg-info/SOURCES.txt'
[2.194s] running build
[2.195s] running build_py
[2.195s] creating /home/ws/build/pallet_detection/build
[2.195s] creating /home/ws/build/pallet_detection/build/lib
[2.195s] creating /home/ws/build/pallet_detection/build/lib/pallet_detection
[2.195s] copying pallet_detection/process_camera_feed.py -> /home/ws/build/pallet_detection/build/lib/pallet_detection
[2.196s] copying pallet_detection/__init__.py -> /home/ws/build/pallet_detection/build/lib/pallet_detection
[2.196s] copying pallet_detection/publish_camera_feed.py -> /home/ws/build/pallet_detection/build/lib/pallet_detection
[2.197s] warning: build_py: byte-compiling is disabled, skipping.
[2.197s] 
[2.197s] running install
[2.207s] running install_lib
[2.239s] creating /home/ws/install/pallet_detection/lib/python3.10/site-packages/pallet_detection
[2.239s] copying /home/ws/build/pallet_detection/build/lib/pallet_detection/process_camera_feed.py -> /home/ws/install/pallet_detection/lib/python3.10/site-packages/pallet_detection
[2.239s] copying /home/ws/build/pallet_detection/build/lib/pallet_detection/__init__.py -> /home/ws/install/pallet_detection/lib/python3.10/site-packages/pallet_detection
[2.240s] copying /home/ws/build/pallet_detection/build/lib/pallet_detection/publish_camera_feed.py -> /home/ws/install/pallet_detection/lib/python3.10/site-packages/pallet_detection
[2.240s] warning: install_lib: byte-compiling is disabled, skipping.
[2.240s] 
[2.240s] running install_data
[2.241s] creating /home/ws/install/pallet_detection/share/ament_index
[2.241s] creating /home/ws/install/pallet_detection/share/ament_index/resource_index
[2.241s] creating /home/ws/install/pallet_detection/share/ament_index/resource_index/packages
[2.241s] copying resource/pallet_detection -> /home/ws/install/pallet_detection/share/ament_index/resource_index/packages
[2.241s] copying package.xml -> /home/ws/install/pallet_detection/share/pallet_detection
[2.242s] creating /home/ws/install/pallet_detection/share/pallet_detection/launch
[2.242s] running install_egg_info
[2.277s] Copying ../../build/pallet_detection/pallet_detection.egg-info to /home/ws/install/pallet_detection/lib/python3.10/site-packages/pallet_detection-0.0.0-py3.10.egg-info
[2.282s] running install_scripts
[2.550s] Installing image_publisher script to /home/ws/install/pallet_detection/lib/pallet_detection
[2.550s] Installing image_subscriber script to /home/ws/install/pallet_detection/lib/pallet_detection
[2.551s] writing list of installed files to '/home/ws/build/pallet_detection/install.log'
[2.626s] Invoked command in '/home/ws/src/pallet_detection' returned '0': PYTHONPATH=/home/ws/build/pallet_detection/prefix_override:/usr/lib/python3/dist-packages/colcon_core/task/python/colcon_distutils_commands:/home/ws/install/pallet_detection/lib/python3.10/site-packages:${PYTHONPATH} /usr/bin/python3 -W ignore:setup.py install is deprecated -W ignore:easy_install command is deprecated setup.py egg_info --egg-base ../../build/pallet_detection build --build-base /home/ws/build/pallet_detection/build install --record /home/ws/build/pallet_detection/install.log --single-version-externally-managed install_data
